<?xml version="1.0" encoding="UTF-8"?>
<testsuite xmlns:xsi="http://www.w3.org/2001/XMLSchema-instance" xsi:noNamespaceSchemaLocation="https://maven.apache.org/surefire/maven-surefire-plugin/xsd/surefire-test-report-3.0.xsd" version="3.0" name="com.example.SpringbootKafkaAppApplicationTests" time="0.825" tests="1" errors="0" skipped="0" failures="0">
  <properties>
[...]
</properties>
  <testcase name="contextLoads" classname="com.example.SpringbootKafkaAppApplicationTests" time="0.117">
    <system-out><![CDATA[20:30:35.177 [main] DEBUG org.springframework.test.context.BootstrapUtils - Instantiating CacheAwareContextLoaderDelegate from class [org.springframework.test.context.cache.DefaultCacheAwareContextLoaderDelegate]
20:30:35.181 [main] DEBUG org.springframework.test.context.BootstrapUtils - Instantiating BootstrapContext using constructor [public org.springframework.test.context.support.DefaultBootstrapContext(java.lang.Class,org.springframework.test.context.CacheAwareContextLoaderDelegate)]
20:30:35.191 [main] DEBUG org.springframework.test.context.BootstrapUtils - Instantiating TestContextBootstrapper for test class [com.example.SpringbootKafkaAppApplicationTests] from class [org.springframework.boot.test.context.SpringBootTestContextBootstrapper]
20:30:35.194 [main] INFO org.springframework.boot.test.context.SpringBootTestContextBootstrapper - Neither @ContextConfiguration nor @ContextHierarchy found for test class [com.example.SpringbootKafkaAppApplicationTests], using SpringBootContextLoader
20:30:35.195 [main] DEBUG org.springframework.test.context.support.AbstractContextLoader - Did not detect default resource location for test class [com.example.SpringbootKafkaAppApplicationTests]: class path resource [com/example/SpringbootKafkaAppApplicationTests-context.xml] does not exist
20:30:35.195 [main] DEBUG org.springframework.test.context.support.AbstractContextLoader - Did not detect default resource location for test class [com.example.SpringbootKafkaAppApplicationTests]: class path resource [com/example/SpringbootKafkaAppApplicationTestsContext.groovy] does not exist
20:30:35.195 [main] INFO org.springframework.test.context.support.AbstractContextLoader - Could not detect default resource locations for test class [com.example.SpringbootKafkaAppApplicationTests]: no resource found for suffixes {-context.xml, Context.groovy}.
20:30:35.196 [main] INFO org.springframework.test.context.support.AnnotationConfigContextLoaderUtils - Could not detect default configuration classes for test class [com.example.SpringbootKafkaAppApplicationTests]: SpringbootKafkaAppApplicationTests does not declare any static, non-private, non-final, nested classes annotated with @Configuration.
20:30:35.209 [main] DEBUG org.springframework.test.context.support.ActiveProfilesUtils - Could not find an 'annotation declaring class' for annotation type [org.springframework.test.context.ActiveProfiles] and class [com.example.SpringbootKafkaAppApplicationTests]
20:30:35.227 [main] DEBUG org.springframework.context.annotation.ClassPathScanningCandidateComponentProvider - Identified candidate component class: file [/Users/rcolella/dev/kafka-cplt/springboot-kafka-app/target/classes/com/example/SpringbootKafkaAppApplication.class]
20:30:35.228 [main] INFO org.springframework.boot.test.context.SpringBootTestContextBootstrapper - Found @SpringBootConfiguration com.example.SpringbootKafkaAppApplication for test class com.example.SpringbootKafkaAppApplicationTests
20:30:35.257 [main] DEBUG org.springframework.boot.test.context.SpringBootTestContextBootstrapper - @TestExecutionListeners is not present for class [com.example.SpringbootKafkaAppApplicationTests]: using defaults.
20:30:35.257 [main] INFO org.springframework.boot.test.context.SpringBootTestContextBootstrapper - Loaded default TestExecutionListener class names from location [META-INF/spring.factories]: [org.springframework.boot.test.mock.mockito.MockitoTestExecutionListener, org.springframework.boot.test.mock.mockito.ResetMocksTestExecutionListener, org.springframework.boot.test.autoconfigure.restdocs.RestDocsTestExecutionListener, org.springframework.boot.test.autoconfigure.web.client.MockRestServiceServerResetTestExecutionListener, org.springframework.boot.test.autoconfigure.web.servlet.MockMvcPrintOnlyOnFailureTestExecutionListener, org.springframework.boot.test.autoconfigure.web.servlet.WebDriverTestExecutionListener, org.springframework.boot.test.autoconfigure.webservices.client.MockWebServiceServerTestExecutionListener, org.springframework.test.context.web.ServletTestExecutionListener, org.springframework.test.context.support.DirtiesContextBeforeModesTestExecutionListener, org.springframework.test.context.event.ApplicationEventsTestExecutionListener, org.springframework.test.context.support.DependencyInjectionTestExecutionListener, org.springframework.test.context.support.DirtiesContextTestExecutionListener, org.springframework.test.context.transaction.TransactionalTestExecutionListener, org.springframework.test.context.jdbc.SqlScriptsTestExecutionListener, org.springframework.test.context.event.EventPublishingTestExecutionListener]
20:30:35.262 [main] INFO org.springframework.boot.test.context.SpringBootTestContextBootstrapper - Using TestExecutionListeners: [org.springframework.test.context.web.ServletTestExecutionListener@39ac0c0a, org.springframework.test.context.support.DirtiesContextBeforeModesTestExecutionListener@c7ba306, org.springframework.test.context.event.ApplicationEventsTestExecutionListener@4ff8d125, org.springframework.boot.test.mock.mockito.MockitoTestExecutionListener@6d167f58, org.springframework.boot.test.autoconfigure.SpringBootDependencyInjectionTestExecutionListener@3403e2ac, org.springframework.test.context.support.DirtiesContextTestExecutionListener@65b104b9, org.springframework.test.context.transaction.TransactionalTestExecutionListener@6c4980d3, org.springframework.test.context.jdbc.SqlScriptsTestExecutionListener@327bcebd, org.springframework.test.context.event.EventPublishingTestExecutionListener@19c65cdc, org.springframework.boot.test.mock.mockito.ResetMocksTestExecutionListener@74bf1791, org.springframework.boot.test.autoconfigure.restdocs.RestDocsTestExecutionListener@54504ecd, org.springframework.boot.test.autoconfigure.web.client.MockRestServiceServerResetTestExecutionListener@38b27cdc, org.springframework.boot.test.autoconfigure.web.servlet.MockMvcPrintOnlyOnFailureTestExecutionListener@1339e7aa, org.springframework.boot.test.autoconfigure.web.servlet.WebDriverTestExecutionListener@1fb669c3, org.springframework.boot.test.autoconfigure.webservices.client.MockWebServiceServerTestExecutionListener@49c66ade]
20:30:35.264 [main] DEBUG org.springframework.test.context.support.AbstractDirtiesContextTestExecutionListener - Before test class: context [DefaultTestContext@401f7633 testClass = SpringbootKafkaAppApplicationTests, testInstance = [null], testMethod = [null], testException = [null], mergedContextConfiguration = [WebMergedContextConfiguration@31ff43be testClass = SpringbootKafkaAppApplicationTests, locations = '{}', classes = '{class com.example.SpringbootKafkaAppApplication}', contextInitializerClasses = '[]', activeProfiles = '{}', propertySourceLocations = '{classpath:application.properties}', propertySourceProperties = '{org.springframework.boot.test.context.SpringBootTestContextBootstrapper=true}', contextCustomizers = set[org.springframework.boot.test.context.filter.ExcludeFilterContextCustomizer@4d5b6aac, org.springframework.boot.test.json.DuplicateJsonObjectContextCustomizerFactory$DuplicateJsonObjectContextCustomizer@429bffaa, org.springframework.boot.test.mock.mockito.MockitoContextCustomizer@0, org.springframework.boot.test.web.client.TestRestTemplateContextCustomizer@71def8f8, org.springframework.boot.test.autoconfigure.actuate.metrics.MetricsExportContextCustomizerFactory$DisableMetricExportContextCustomizer@28f2a10f, org.springframework.boot.test.autoconfigure.properties.PropertyMappingContextCustomizer@0, org.springframework.boot.test.autoconfigure.web.servlet.WebDriverContextCustomizerFactory$Customizer@5d7148e2, org.springframework.boot.test.context.SpringBootTestArgs@1, org.springframework.boot.test.context.SpringBootTestWebEnvironment@6f195bc3], resourceBasePath = 'src/main/webapp', contextLoader = 'org.springframework.boot.test.context.SpringBootContextLoader', parent = [null]], attributes = map['org.springframework.test.context.web.ServletTestExecutionListener.activateListener' -> true]], class annotated with @DirtiesContext [false] with mode [null].

  .   ____          _            __ _ _
 /\\ / ___'_ __ _ _(_)_ __  __ _ \ \ \ \
( ( )\___ | '_ | '_| | '_ \/ _` | \ \ \ \
 \\/  ___)| |_)| | | | | || (_| |  ) ) ) )
  '  |____| .__|_| |_|_| |_\__, | / / / /
 =========|_|==============|___/=/_/_/_/
 :: Spring Boot ::                (v2.6.6)

2025-03-23 20:30:35 - Starting SpringbootKafkaAppApplicationTests using Java 17.0.14 on M-MY64G9J4L6 with PID 59608 (started by rcolella in /Users/rcolella/dev/kafka-cplt/springboot-kafka-app)
2025-03-23 20:30:35 - No active profile set, falling back to 1 default profile: "default"
2025-03-23 20:30:35 - Started SpringbootKafkaAppApplicationTests in 0.568 seconds (JVM running for 0.885)
]]></system-out>
  </testcase>
</testsuite>